c:\users\c-60\desktop\qtprograms\advanced-qt-chess\debug\vc140.pdb
c:\users\c-60\desktop\qtprograms\advanced-qt-chess\debug\qrc_images.obj
c:\users\c-60\desktop\qtprograms\advanced-qt-chess\debug\zobristh.obj
c:\users\c-60\desktop\qtprograms\advanced-qt-chess\debug\tile.obj
c:\users\c-60\desktop\qtprograms\advanced-qt-chess\debug\main.obj
c:\users\c-60\desktop\qtprograms\advanced-qt-chess\debug\hashentry.obj
c:\users\c-60\desktop\qtprograms\advanced-qt-chess\debug\evaluatebb.obj
c:\users\c-60\desktop\qtprograms\advanced-qt-chess\debug\bitboards.obj
c:\users\c-60\desktop\qtprograms\advanced-qt-chess\debug\ai_logic.obj
c:\users\c-60\desktop\qtprograms\advanced-qt-chess\debug\pieces.obj
c:\users\c-60\desktop\qtprograms\advanced-qt-chess\debug\move.obj
c:\users\c-60\desktop\qtprograms\advanced-qt-chess\debug\movegen.obj
c:\users\c-60\desktop\qtprograms\advanced-qt-chess\debug\qrc_images.cpp
c:\users\c-60\desktop\qtprograms\advanced-qt-chess\debug\advanced-qt-chess.ilk
c:\users\c-60\desktop\qtprograms\advanced-qt-chess\debug\advanced-qt-chess.exe
c:\users\c-60\desktop\qtprograms\advanced-qt-chess\debug\advanced-qt-chess.pdb
c:\users\c-60\desktop\qtprograms\advanced-qt-chess\debug\advanced.1db2cc36.tlog\cl.command.1.tlog
c:\users\c-60\desktop\qtprograms\advanced-qt-chess\debug\advanced.1db2cc36.tlog\cl.read.1.tlog
c:\users\c-60\desktop\qtprograms\advanced-qt-chess\debug\advanced.1db2cc36.tlog\cl.write.1.tlog
c:\users\c-60\desktop\qtprograms\advanced-qt-chess\debug\advanced.1db2cc36.tlog\custombuild.command.1.tlog
c:\users\c-60\desktop\qtprograms\advanced-qt-chess\debug\advanced.1db2cc36.tlog\custombuild.read.1.tlog
c:\users\c-60\desktop\qtprograms\advanced-qt-chess\debug\advanced.1db2cc36.tlog\custombuild.write.1.tlog
c:\users\c-60\desktop\qtprograms\advanced-qt-chess\debug\advanced.1db2cc36.tlog\link.command.1.tlog
c:\users\c-60\desktop\qtprograms\advanced-qt-chess\debug\advanced.1db2cc36.tlog\link.read.1.tlog
c:\users\c-60\desktop\qtprograms\advanced-qt-chess\debug\advanced.1db2cc36.tlog\link.write.1.tlog
