c:\users\c-60\desktop\qtprograms\advanced-qt-chess\release\qrc_images.obj
c:\users\c-60\desktop\qtprograms\advanced-qt-chess\release\zobristh.obj
c:\users\c-60\desktop\qtprograms\advanced-qt-chess\release\tile.obj
c:\users\c-60\desktop\qtprograms\advanced-qt-chess\release\main.obj
c:\users\c-60\desktop\qtprograms\advanced-qt-chess\release\hashentry.obj
c:\users\c-60\desktop\qtprograms\advanced-qt-chess\release\evaluatebb.obj
c:\users\c-60\desktop\qtprograms\advanced-qt-chess\release\evaluate.obj
c:\users\c-60\desktop\qtprograms\advanced-qt-chess\release\bitboards.obj
c:\users\c-60\desktop\qtprograms\advanced-qt-chess\release\ai_logic.obj
c:\users\c-60\desktop\qtprograms\advanced-qt-chess\release\pieces.obj
c:\users\c-60\desktop\qtprograms\advanced-qt-chess\release\qrc_images.cpp
c:\users\c-60\desktop\qtprograms\advanced-qt-chess\release\advanced-qt-chess.exe
c:\users\c-60\desktop\qtprograms\advanced-qt-chess\release\advanced.1db2cc36.tlog\cl.command.1.tlog
c:\users\c-60\desktop\qtprograms\advanced-qt-chess\release\advanced.1db2cc36.tlog\cl.read.1.tlog
c:\users\c-60\desktop\qtprograms\advanced-qt-chess\release\advanced.1db2cc36.tlog\cl.write.1.tlog
c:\users\c-60\desktop\qtprograms\advanced-qt-chess\release\advanced.1db2cc36.tlog\custombuild.command.1.tlog
c:\users\c-60\desktop\qtprograms\advanced-qt-chess\release\advanced.1db2cc36.tlog\custombuild.read.1.tlog
c:\users\c-60\desktop\qtprograms\advanced-qt-chess\release\advanced.1db2cc36.tlog\custombuild.write.1.tlog
c:\users\c-60\desktop\qtprograms\advanced-qt-chess\release\advanced.1db2cc36.tlog\link.command.1.tlog
c:\users\c-60\desktop\qtprograms\advanced-qt-chess\release\advanced.1db2cc36.tlog\link.read.1.tlog
c:\users\c-60\desktop\qtprograms\advanced-qt-chess\release\advanced.1db2cc36.tlog\link.write.1.tlog
