  RCC Images.qrc
  Pieces.cpp
Pieces.cpp(1195): warning C4189: 'pieceOn': local variable is initialized but not referenced
  ai_logic.cpp
ai_logic.cpp(48): warning C4018: '<': signed/unsigned mismatch
ai_logic.cpp(46): warning C4100: 'currentDepth': unreferenced formal parameter
ai_logic.cpp(46): warning C4100: 'timeLimmit': unreferenced formal parameter
ai_logic.cpp(46): warning C4100: 'currentTime': unreferenced formal parameter
ai_logic.cpp(46): warning C4100: 'isWhite': unreferenced formal parameter
ai_logic.cpp(46): warning C4100: 'beta': unreferenced formal parameter
ai_logic.cpp(46): warning C4100: 'alpha': unreferenced formal parameter
ai_logic.cpp(46): warning C4100: 'distance': unreferenced formal parameter
ai_logic.cpp(60): warning C4018: '<': signed/unsigned mismatch
ai_logic.cpp(153): warning C4189: 'a': local variable is initialized but not referenced
ai_logic.cpp(350): warning C4267: 'initializing': conversion from 'size_t' to 'int', possible loss of data
ai_logic.cpp(1239): warning C4100: 'allowNull': unreferenced formal parameter
  bitboards.cpp
bitboards.cpp(570): warning C4100: 'ourKing': unreferenced formal parameter
bitboards.cpp(2087): warning C4101: 'PAWN_MOVES': unreferenced local variable
bitboards.cpp(2839): warning C4100: 'removeVarIfTryingToUseLater': unreferenced formal parameter
  evaluate.cpp
evaluate.cpp(67): warning C4244: '*=': conversion from 'double' to 'float', possible loss of data
evaluate.cpp(70): warning C4244: '*=': conversion from 'double' to 'float', possible loss of data
evaluate.cpp(132): warning C4100: 'y': unreferenced formal parameter
  evaluatebb.cpp
  hashentry.cpp
  main.cpp
  tile.cpp
tile.cpp(19): warning C4100: 'event': unreferenced formal parameter
  zobristh.cpp
  qrc_Images.cpp
  Generating Code...
  Advanced-Qt-Chess.vcxproj -> C:\Users\C-60\Desktop\QtPrograms\Advanced-Qt-Chess\release\Advanced-Qt-Chess.exe
